Сборка начата 28.07.2016 14:53:56.
     1>Проект "D:\Git\GroupLock\grouplock\sodium7\sodium7\sodium7.vcxproj" в узле 2 (целевые объекты Build).
     1>ClCompile:
         D:\Программы\Новая папка (2)\VC\bin\CL.exe /c /I"D:\MyDoc\Visual Studio 2015\Projects\sodium7\sodium7\libsodium1010msvc\include" /ZI /nologo /W3 /WX- /sdl /Od /Oy- /D WIN32 /D _DEBUG /D _CONSOLE /D _UNICODE /D UNICODE /Gm /EHsc /RTC1 /MDd /GS /fp:precise /Zc:wchar_t /Zc:forScope /Zc:inline /Fo"Debug\\" /Fd"Debug\vc140.pdb" /Gd /TP /analyze- /errorReport:prompt decryptBMP.cpp loadBMP.cpp sodium7.cpp saveBMP.cpp encryptBMP.cpp stdafx.cpp
         stdafx.cpp
         encryptBMP.cpp
         saveBMP.cpp
         sodium7.cpp
         loadBMP.cpp
         decryptBMP.cpp
         Создание кода...
       Link:
         D:\Программы\Новая папка (2)\VC\bin\link.exe /ERRORREPORT:PROMPT /OUT:"D:\Git\GroupLock\grouplock\sodium7\Debug\sodium7.exe" /INCREMENTAL /NOLOGO "D:\MyDoc\visual studio 2015\Projects\sodium7\sodium7\libsodium1010msvc\Win32\Release\v140\dynamic\libsodium.lib" kernel32.lib user32.lib gdi32.lib winspool.lib comdlg32.lib advapi32.lib shell32.lib ole32.lib oleaut32.lib uuid.lib odbc32.lib odbccp32.lib /MANIFEST /MANIFESTUAC:"level='asInvoker' uiAccess='false'" /manifest:embed /Debug /PDB:"D:\Git\GroupLock\grouplock\sodium7\Debug\sodium7.pdb" /SUBSYSTEM:CONSOLE /TLBID:1 /DYNAMICBASE /NXCOMPAT /IMPLIB:"D:\Git\GroupLock\grouplock\sodium7\Debug\sodium7.lib" /MACHINE:X86 Debug\decryptBMP.obj
         Debug\loadBMP.obj
         Debug\sodium7.obj
         Debug\saveBMP.obj
         Debug\encryptBMP.obj
         Debug\stdafx.obj
         libsodium1010msvc\Win32\Release\v140\dynamic\libsodium.lib
         sodium7.vcxproj -> D:\Git\GroupLock\grouplock\sodium7\Debug\sodium7.exe
     1>Сборка проекта "D:\Git\GroupLock\grouplock\sodium7\sodium7\sodium7.vcxproj" завершена (целевые объекты Build).

Сборка успешно завершена.

Затраченное время: 00:00:11.93
